\BOOKMARK [0][-]{dummy.1}{\376\377\000A\000c\000k\000n\000o\000w\000l\000e\000d\000g\000e\000m\000e\000n\000t\000s}{}% 1
\BOOKMARK [0][-]{dummy.3}{\376\377\000L\000i\000s\000t\000\040\000o\000f\000\040\000F\000i\000g\000u\000r\000e\000s}{}% 2
\BOOKMARK [0][-]{dummy.5}{\376\377\000L\000i\000s\000t\000\040\000o\000f\000\040\000T\000a\000b\000l\000e\000s}{}% 3
\BOOKMARK [0][-]{chapter.7}{\376\377\0001\000\040\000I\000n\000t\000r\000o\000d\000u\000c\000t\000i\000o\000n}{}% 4
\BOOKMARK [0][-]{chapter.8}{\376\377\0002\000\040\000B\000a\000c\000k\000g\000r\000o\000u\000n\000d}{}% 5
\BOOKMARK [1][-]{section.9}{\376\377\0002\000.\0001\000\040\000H\000y\000d\000r\000o\000t\000h\000e\000r\000m\000a\000l\000\040\000s\000y\000s\000t\000e\000m}{chapter.8}% 6
\BOOKMARK [2][-]{subsection.10}{\376\377\0002\000.\0001\000.\0001\000\040\000H\000y\000d\000r\000o\000l\000o\000g\000i\000c\000a\000l\000\040\000p\000r\000o\000p\000e\000r\000t\000i\000e\000s}{section.9}% 7
\BOOKMARK [3][-]{subsubsection.11}{\376\377\0002\000.\0001\000.\0001\000.\0001\000\040\000P\000o\000r\000o\000u\000s\000\040\000m\000e\000d\000i\000u\000m}{subsection.10}% 8
\BOOKMARK [3][-]{subsubsection.15}{\376\377\0002\000.\0001\000.\0001\000.\0002\000\040\000D\000a\000r\000c\000y\000«\000s\000\040\000l\000a\000w}{subsection.10}% 9
\BOOKMARK [2][-]{subsection.19}{\376\377\0002\000.\0001\000.\0002\000\040\000T\000h\000e\000r\000m\000a\000l\000\040\000p\000r\000o\000p\000e\000r\000t\000i\000e\000s}{section.9}% 10
\BOOKMARK [1][-]{section.26}{\376\377\0002\000.\0002\000\040\000G\000e\000o\000t\000h\000e\000r\000m\000a\000l\000\040\000S\000y\000s\000t\000e\000m\000s}{chapter.8}% 11
\BOOKMARK [2][-]{subsection.28}{\376\377\0002\000.\0002\000.\0001\000\040\000C\000l\000a\000s\000s\000i\000f\000i\000c\000a\000t\000i\000o\000n\000\040\000b\000a\000s\000e\000d\000\040\000o\000n\000\040\000t\000e\000m\000p\000e\000r\000a\000t\000u\000r\000e}{section.26}% 12
\BOOKMARK [2][-]{subsection.29}{\376\377\0002\000.\0002\000.\0002\000\040\000C\000l\000a\000s\000s\000i\000f\000i\000c\000a\000t\000i\000o\000n\000\040\000b\000a\000s\000e\000d\000\040\000o\000n\000\040\000g\000e\000o\000l\000o\000g\000i\000c\000a\000l\000\040\000f\000o\000r\000m\000a\000t\000i\000o\000n}{section.26}% 13
\BOOKMARK [2][-]{subsection.31}{\376\377\0002\000.\0002\000.\0003\000\040\000G\000e\000o\000t\000h\000e\000r\000m\000a\000l\000\040\000r\000e\000s\000o\000u\000r\000c\000e\000\040\000a\000s\000s\000e\000s\000s\000m\000e\000n\000t\000\040\000m\000e\000t\000h\000o\000d\000s}{section.26}% 14
\BOOKMARK [3][-]{subsubsection.32}{\376\377\0002\000.\0002\000.\0003\000.\0001\000\040\000V\000o\000l\000u\000m\000e\000t\000r\000i\000c\000\040\000a\000s\000s\000e\000s\000s\000m\000e\000n\000t\000\040\000m\000e\000t\000h\000o\000d\000s}{subsection.31}% 15
\BOOKMARK [3][-]{subsubsection.35}{\376\377\0002\000.\0002\000.\0003\000.\0002\000\040\000D\000y\000n\000a\000m\000i\000c\000s\000\040\000a\000s\000s\000e\000s\000s\000m\000e\000n\000t\000\040\000m\000e\000t\000h\000o\000d}{subsection.31}% 16
\BOOKMARK [1][-]{section.52}{\376\377\0002\000.\0003\000\040\000R\000e\000i\000n\000j\000e\000c\000t\000i\000o\000n\000\040\000i\000n\000\040\000g\000e\000o\000t\000h\000e\000r\000m\000a\000l\000\040\000s\000y\000s\000t\000e\000m\000s}{chapter.8}% 17
\BOOKMARK [2][-]{subsection.53}{\376\377\0002\000.\0003\000.\0001\000\040\000H\000i\000s\000t\000o\000r\000i\000c\000a\000l\000\040\000b\000a\000c\000k\000g\000r\000o\000u\000n\000d\000\040\000a\000n\000d\000\040\000a\000d\000v\000a\000n\000t\000a\000g\000e\000s}{section.52}% 18
\BOOKMARK [2][-]{subsection.57}{\376\377\0002\000.\0003\000.\0002\000\040\000M\000i\000t\000i\000g\000a\000t\000i\000n\000g\000\040\000p\000r\000o\000b\000l\000e\000m\000s\000\040\000a\000s\000s\000o\000c\000i\000a\000t\000e\000d\000\040\000w\000i\000t\000h\000\040\000r\000e\000i\000n\000j\000e\000c\000t\000i\000o\000n}{section.52}% 19
\BOOKMARK [3][-]{subsubsection.58}{\376\377\0002\000.\0003\000.\0002\000.\0001\000\040\000T\000r\000a\000c\000e\000r\000\040\000t\000e\000s\000t\000i\000n\000g}{subsection.57}% 20
\BOOKMARK [0][-]{chapter.62}{\376\377\0003\000\040\000T\000h\000e\000r\000m\000a\000l\000\040\000f\000r\000o\000n\000t\000\040\000v\000e\000l\000o\000c\000i\000t\000y\000\040\000i\000n\000\040\000g\000e\000o\000t\000h\000e\000r\000m\000a\000l\000\040\000s\000y\000s\000t\000e\000m\000s}{}% 21
\BOOKMARK [1][-]{section.63}{\376\377\0003\000.\0001\000\040\000S\000u\000m\000a\000r\000y}{chapter.62}% 22
\BOOKMARK [1][-]{section.64}{\376\377\0003\000.\0002\000\040\000I\000n\000t\000r\000o\000d\000u\000c\000t\000i\000o\000n}{chapter.62}% 23
\BOOKMARK [1][-]{section.65}{\376\377\0003\000.\0003\000\040\000G\000o\000v\000e\000r\000n\000i\000n\000g\000\040\000e\000q\000u\000a\000t\000i\000o\000n}{chapter.62}% 24
\BOOKMARK [1][-]{section.87}{\376\377\0003\000.\0004\000\040\000T\000h\000e\000r\000m\000a\000l\000\040\000f\000r\000o\000n\000t\000\040\000v\000e\000l\000o\000c\000i\000t\000y}{chapter.62}% 25
\BOOKMARK [2][-]{subsection.88}{\376\377\0003\000.\0004\000.\0001\000\040\000F\000o\000r\000m\000u\000l\000a\000t\000i\000o\000n\000\040\000o\000f\000\040\000t\000h\000e\000\040\000p\000r\000o\000b\000l\000e\000m\000\040\000a\000n\000d\000\040\000e\000a\000r\000l\000y\000\040\000w\000o\000r\000k}{section.87}% 26
\BOOKMARK [2][-]{subsection.102}{\376\377\0003\000.\0004\000.\0002\000\040\000T\000h\000e\000r\000m\000a\000l\000\040\000f\000r\000o\000n\000t\000\040\000v\000e\000l\000o\000c\000i\000t\000y\000\040\000p\000r\000e\000d\000i\000c\000t\000e\000d\000\040\000b\000y\000\040\000t\000h\000e\000\040\000t\000h\000e\000o\000r\000y\000\040\000o\000f\000\040\000c\000o\000n\000s\000e\000r\000v\000a\000t\000i\000o\000n\000\040\000l\000a\000w}{section.87}% 27
\BOOKMARK [2][-]{subsection.113}{\376\377\0003\000.\0004\000.\0003\000\040\000N\000u\000m\000e\000r\000i\000c\000a\000l\000\040\000v\000a\000l\000u\000e\000s\000\040\000a\000n\000d\000\040\000d\000i\000s\000c\000u\000s\000s\000i\000o\000n}{section.87}% 28
\BOOKMARK [0][-]{chapter.115}{\376\377\0004\000\040\000L\000u\000m\000p\000e\000d\000\040\000p\000a\000r\000a\000m\000e\000t\000e\000r\000s\000\040\000m\000o\000d\000e\000l\000l\000i\000n\000g\000\040\000i\000n\000\040\000M\000u\000n\000a\000d\000a\000r\000n\000e\000s\000\040\000g\000e\000o\000t\000h\000e\000r\000m\000a\000l\000\040\000s\000y\000s\000t\000e\000m\000\040}{}% 29
\BOOKMARK [1][-]{section.116}{\376\377\0004\000.\0001\000\040\000M\000u\000n\000a\000r\000d\000a\000n\000e\000s\000\040\000l\000o\000w\000\040\000t\000e\000m\000p\000e\000r\000a\000t\000u\000r\000e\000\040\000s\000y\000s\000t\000e\000m}{chapter.115}% 30
\BOOKMARK [2][-]{subsection.118}{\376\377\0004\000.\0001\000.\0001\000\040\000G\000e\000o\000l\000o\000g\000i\000c\000a\000l\000\040\000s\000e\000t\000t\000i\000n\000g}{section.116}% 31
\BOOKMARK [2][-]{subsection.120}{\376\377\0004\000.\0001\000.\0002\000\040\000G\000e\000o\000p\000h\000y\000s\000i\000c\000a\000l\000\040\000a\000n\000d\000\040\000h\000y\000d\000r\000o\000l\000o\000g\000i\000c\000a\000l\000\040\000s\000e\000t\000t\000i\000n\000g}{section.116}% 32
\BOOKMARK [2][-]{subsection.121}{\376\377\0004\000.\0001\000.\0003\000\040\000P\000r\000o\000p\000o\000s\000e\000d\000\040\000c\000o\000n\000c\000e\000p\000t\000u\000a\000l\000\040\000m\000o\000d\000e\000l\000\040\000o\000f\000\040\000B\000o\000r\000g\000a\000r\000f\000j\000o\000r\000d\000u\000r\000\040\000t\000h\000e\000r\000m\000a\000l\000\040\000f\000i\000l\000e\000d}{section.116}% 33
\BOOKMARK [1][-]{section.123}{\376\377\0004\000.\0002\000\040\000L\000u\000m\000p\000e\000d\000\040\000p\000a\000r\000a\000m\000e\000t\000e\000r\000\040\000m\000o\000d\000e\000l\000l\000i\000n\000g\000\040}{chapter.115}% 34
\BOOKMARK [2][-]{subsection.131}{\376\377\0004\000.\0002\000.\0001\000\040\000L\000u\000m\000p\000e\000d\000\040\000p\000a\000r\000a\000m\000e\000t\000e\000r\000\040\000m\000o\000d\000e\000l\000l\000i\000n\000g\000\040\000o\000f\000\040\000w\000e\000l\000l\000\040\000M\000N\000\040\0000\0008\000\040\000i\000n\000\040\000M\000u\000n\000a\000d\000a\000r\000n\000e\000s\000\040\000i\000n\000\040\000N\000o\000r\000d\000u\000r\000a\000r\000d\000a\000l\000u\000r}{section.123}% 35
\BOOKMARK [3][-]{subsubsection.133}{\376\377\0004\000.\0002\000.\0001\000.\0001\000\040\000D\000a\000t\000a\000\040\000p\000r\000o\000c\000e\000s\000s\000i\000n\000g\000\040\000a\000n\000d\000\040\000s\000i\000m\000u\000l\000a\000t\000i\000o\000n}{subsection.131}% 36
\BOOKMARK [3][-]{subsubsection.140}{\376\377\0004\000.\0002\000.\0001\000.\0002\000\040\000\040\000P\000r\000e\000d\000i\000c\000t\000i\000o\000n\000\040\000w\000i\000t\000h\000\040\000r\000e\000i\000n\000j\000e\000c\000t\000i\000o\000n}{subsection.131}% 37
\BOOKMARK [3][-]{subsubsection.145}{\376\377\0004\000.\0002\000.\0001\000.\0003\000\040\000\040\000L\000o\000c\000a\000t\000i\000o\000n\000\040\000o\000f\000\040\000i\000n\000j\000e\000c\000t\000i\000o\000n\000\040\000w\000e\000l\000l\000\040\000a\000n\000d\000\040\000c\000o\000o\000l\000i\000n\000g\000\040\000o\000f\000\040\000p\000r\000o\000d\000u\000c\000t\000i\000o\000n\000\040\000w\000e\000l\000l}{subsection.131}% 38
\BOOKMARK [0][-]{chapter.156}{\376\377\0005\000\040\000C\000o\000n\000c\000l\000u\000s\000i\000o\000n\000\040\000a\000n\000d\000\040\000f\000u\000t\000u\000r\000e\000\040\000w\000o\000r\000k}{}% 39
\BOOKMARK [0][-]{dummy.157}{\376\377\000B\000i\000b\000l\000i\000o\000g\000r\000a\000p\000h\000y}{}% 40
