This is pdfTeX, Version 3.1415926-2.3-1.40.12 (TeX Live 2011) (format=pdflatex 2012.1.29)  30 MAY 2014 13:08
entering extended mode
 \write18 enabled.
 file:line:error style messages enabled.
 %&-line parsing enabled.
**main.tex
(./main.tex
LaTeX2e <2009/09/24>
Babel <v3.8l> and hyphenation patterns for english, dumylang, nohyphenation, ge
rman-x-2009-06-19, ngerman-x-2009-06-19, afrikaans, ancientgreek, ibycus, arabi
c, armenian, basque, bulgarian, catalan, pinyin, coptic, croatian, czech, danis
h, dutch, ukenglish, usenglishmax, esperanto, estonian, ethiopic, farsi, finnis
h, french, galician, german, ngerman, swissgerman, monogreek, greek, hungarian,
 icelandic, assamese, bengali, gujarati, hindi, kannada, malayalam, marathi, or
iya, panjabi, tamil, telugu, indonesian, interlingua, irish, italian, kurmanji,
 lao, latin, latvian, lithuanian, mongolian, mongolianlmc, bokmal, nynorsk, pol
ish, portuguese, romanian, russian, sanskrit, serbian, serbianc, slovak, sloven
ian, spanish, swedish, turkish, turkmen, ukrainian, uppersorbian, welsh, loaded
.
(./Thesis.cls
Document Class: Thesis 2007/22/02 v1.0 LaTeX document class
(/usr/local/texlive/2011/texmf-dist/tex/latex/base/book.cls
Document Class: book 2007/10/19 v1.4h Standard LaTeX document class
(/usr/local/texlive/2011/texmf-dist/tex/latex/base/bk12.clo
File: bk12.clo 2007/10/19 v1.4h Standard LaTeX file (size option)
)
\c@part=\count79
\c@chapter=\count80
\c@section=\count81
\c@subsection=\count82
\c@subsubsection=\count83
\c@paragraph=\count84
\c@subparagraph=\count85
\c@figure=\count86
\c@table=\count87
\abovecaptionskip=\skip41
\belowcaptionskip=\skip42
\bibindent=\dimen102
)
(/usr/local/texlive/2011/texmf-dist/tex/latex/setspace/setspace.sty
Package: setspace 2000/12/01 6.7 Contributed and Supported LaTeX2e package

Package: `setspace' 6.7 <2000/12/01>
) (/usr/local/texlive/2011/texmf-dist/tex/latex/vmargin/vmargin.sty
Package: vmargin 2004/07/15 V2.5 set document margins (VK)

Package: vmargin 2004/07/15 V2.5 set document margins (VK)
\PaperWidth=\dimen103
\PaperHeight=\dimen104
) (/usr/local/texlive/2011/texmf-dist/tex/latex/fancyhdr/fancyhdr.sty
\fancy@headwidth=\skip43
\f@ncyO@elh=\skip44
\f@ncyO@erh=\skip45
\f@ncyO@olh=\skip46
\f@ncyO@orh=\skip47
\f@ncyO@elf=\skip48
\f@ncyO@erf=\skip49
\f@ncyO@olf=\skip50
\f@ncyO@orf=\skip51
)
(/usr/local/texlive/2011/texmf-dist/tex/latex/amsmath/amsmath.sty
Package: amsmath 2000/07/18 v2.13 AMS math features
\@mathmargin=\skip52

For additional information on amsmath, use the `?' option.
(/usr/local/texlive/2011/texmf-dist/tex/latex/amsmath/amstext.sty
Package: amstext 2000/06/29 v2.01

(/usr/local/texlive/2011/texmf-dist/tex/latex/amsmath/amsgen.sty
File: amsgen.sty 1999/11/30 v2.0
\@emptytoks=\toks14
\ex@=\dimen105
))
(/usr/local/texlive/2011/texmf-dist/tex/latex/amsmath/amsbsy.sty
Package: amsbsy 1999/11/29 v1.2d
\pmbraise@=\dimen106
)
(/usr/local/texlive/2011/texmf-dist/tex/latex/amsmath/amsopn.sty
Package: amsopn 1999/12/14 v2.01 operator names
)
\inf@bad=\count88
LaTeX Info: Redefining \frac on input line 211.
\uproot@=\count89
\leftroot@=\count90
LaTeX Info: Redefining \overline on input line 307.
\classnum@=\count91
\DOTSCASE@=\count92
LaTeX Info: Redefining \ldots on input line 379.
LaTeX Info: Redefining \dots on input line 382.
LaTeX Info: Redefining \cdots on input line 467.
\Mathstrutbox@=\box26
\strutbox@=\box27
\big@size=\dimen107
LaTeX Font Info:    Redeclaring font encoding OML on input line 567.
LaTeX Font Info:    Redeclaring font encoding OMS on input line 568.
\macc@depth=\count93
\c@MaxMatrixCols=\count94
\dotsspace@=\muskip10
\c@parentequation=\count95
\dspbrk@lvl=\count96
\tag@help=\toks15
\row@=\count97
\column@=\count98
\maxfields@=\count99
\andhelp@=\toks16
\eqnshift@=\dimen108
\alignsep@=\dimen109
\tagshift@=\dimen110
\tagwidth@=\dimen111
\totwidth@=\dimen112
\lineht@=\dimen113
\@envbody=\toks17
\multlinegap=\skip53
\multlinetaggap=\skip54
\mathdisplay@stack=\toks18
LaTeX Info: Redefining \[ on input line 2666.
LaTeX Info: Redefining \] on input line 2667.
)
(/usr/local/texlive/2011/texmf-dist/tex/latex/amsfonts/amsfonts.sty
Package: amsfonts 2009/06/22 v3.00 Basic AMSFonts support
\symAMSa=\mathgroup4
\symAMSb=\mathgroup5
LaTeX Font Info:    Overwriting math alphabet `\mathfrak' in version `bold'
(Font)                  U/euf/m/n --> U/euf/b/n on input line 96.
)
(/usr/local/texlive/2011/texmf-dist/tex/latex/amsfonts/amssymb.sty
Package: amssymb 2009/06/22 v3.00
)
(/usr/local/texlive/2011/texmf-dist/tex/latex/amsmath/amscd.sty
Package: amscd 1999/11/29 v1.2d
\athelp@=\toks19
\minaw@=\dimen114
\bigaw@=\dimen115
\minCDarrowwidth=\dimen116
)
(/usr/local/texlive/2011/texmf-dist/tex/latex/amscls/amsthm.sty
Package: amsthm 2009/07/02 v2.20.1
\thm@style=\toks20
\thm@bodyfont=\toks21
\thm@headfont=\toks22
\thm@notefont=\toks23
\thm@headpunct=\toks24
\thm@preskip=\skip55
\thm@postskip=\skip56
\thm@headsep=\skip57
\dth@everypar=\toks25
)
(/usr/local/texlive/2011/texmf-dist/tex/latex/tools/xspace.sty
Package: xspace 2006/05/08 v1.12 Space after command names (DPC,MH)
)
\c@example=\count100
\c@theorem=\count101

(/usr/local/texlive/2011/texmf-dist/tex/latex/caption/caption.sty
Package: caption 2010/01/09 v3.1m Customizing captions (AR)

(/usr/local/texlive/2011/texmf-dist/tex/latex/caption/caption3.sty
Package: caption3 2010/01/14 v3.1m caption3 kernel (AR)

(/usr/local/texlive/2011/texmf-dist/tex/latex/graphics/keyval.sty
Package: keyval 1999/03/16 v1.13 key=value parser (DPC)
\KV@toks@=\toks26
)
\captionmargin=\dimen117
\captionmargin@=\dimen118
\captionwidth=\dimen119
\caption@indent=\dimen120
\caption@parindent=\dimen121
\caption@hangindent=\dimen122
)
\c@ContinuedFloat=\count102
)
(/usr/local/texlive/2011/texmf-dist/tex/latex/graphics/graphicx.sty
Package: graphicx 1999/02/16 v1.0f Enhanced LaTeX Graphics (DPC,SPQR)

(/usr/local/texlive/2011/texmf-dist/tex/latex/graphics/graphics.sty
Package: graphics 2009/02/05 v1.0o Standard LaTeX Graphics (DPC,SPQR)

(/usr/local/texlive/2011/texmf-dist/tex/latex/graphics/trig.sty
Package: trig 1999/03/16 v1.09 sin cos tan (DPC)
)
(/usr/local/texlive/2011/texmf-dist/tex/latex/latexconfig/graphics.cfg
File: graphics.cfg 2010/04/23 v1.9 graphics configuration of TeX Live
)
Package graphics Info: Driver file: pdftex.def on input line 91.

(/usr/local/texlive/2011/texmf-dist/tex/latex/pdftex-def/pdftex.def
File: pdftex.def 2011/05/27 v0.06d Graphics/color for pdfTeX

(/usr/local/texlive/2011/texmf-dist/tex/generic/oberdiek/infwarerr.sty
Package: infwarerr 2010/04/08 v1.3 Providing info/warning/message (HO)
)
(/usr/local/texlive/2011/texmf-dist/tex/generic/oberdiek/ltxcmds.sty
Package: ltxcmds 2011/04/18 v1.20 LaTeX kernel commands for general use (HO)
)
\Gread@gobject=\count103
))
\Gin@req@height=\dimen123
\Gin@req@width=\dimen124
)
(/usr/local/texlive/2011/texmf-dist/tex/latex/oberdiek/epstopdf.sty
Package: epstopdf 2010/02/09 v2.5 Conversion with epstopdf on the fly (HO)

(/usr/local/texlive/2011/texmf-dist/tex/latex/oberdiek/epstopdf-base.sty
Package: epstopdf-base 2010/02/09 v2.5 Base part for package epstopdf

(/usr/local/texlive/2011/texmf-dist/tex/latex/oberdiek/grfext.sty
Package: grfext 2010/08/19 v1.1 Managing graphics extensions (HO)

(/usr/local/texlive/2011/texmf-dist/tex/generic/oberdiek/kvdefinekeys.sty
Package: kvdefinekeys 2011/04/07 v1.3 Defining keys (HO)
))
(/usr/local/texlive/2011/texmf-dist/tex/latex/oberdiek/kvoptions.sty
Package: kvoptions 2010/12/23 v3.10 Keyval support for LaTeX options (HO)

(/usr/local/texlive/2011/texmf-dist/tex/generic/oberdiek/kvsetkeys.sty
Package: kvsetkeys 2011/04/07 v1.13 Key value parser (HO)

(/usr/local/texlive/2011/texmf-dist/tex/generic/oberdiek/etexcmds.sty
Package: etexcmds 2011/02/16 v1.5 Prefix for e-TeX command names (HO)

(/usr/local/texlive/2011/texmf-dist/tex/generic/oberdiek/ifluatex.sty
Package: ifluatex 2010/03/01 v1.3 Provides the ifluatex switch (HO)
Package ifluatex Info: LuaTeX not detected.
)
Package etexcmds Info: Could not find \expanded.
(etexcmds)             That can mean that you are not using pdfTeX 1.50 or
(etexcmds)             that some package has redefined \expanded.
(etexcmds)             In the latter case, load this package earlier.
)))
(/usr/local/texlive/2011/texmf-dist/tex/generic/oberdiek/pdftexcmds.sty
Package: pdftexcmds 2011/04/22 v0.16 Utilities of pdfTeX for LuaTeX (HO)

(/usr/local/texlive/2011/texmf-dist/tex/generic/oberdiek/ifpdf.sty
Package: ifpdf 2011/01/30 v2.3 Provides the ifpdf switch (HO)
Package ifpdf Info: pdfTeX in PDF mode is detected.
)
Package pdftexcmds Info: LuaTeX not detected.
Package pdftexcmds Info: \pdf@primitive is available.
Package pdftexcmds Info: \pdf@ifprimitive is available.
Package pdftexcmds Info: \pdfdraftmode found.
)
Package grfext Info: Graphics extension search list:
(grfext)             [.png,.pdf,.jpg,.mps,.jpeg,.jbig2,.jb2,.PNG,.PDF,.JPG,.JPE
G,.JBIG2,.JB2,.eps]
(grfext)             \AppendGraphicsExtensions on input line 452.

(/usr/local/texlive/2011/texmf-dist/tex/latex/latexconfig/epstopdf-sys.cfg
File: epstopdf-sys.cfg 2010/07/13 v1.3 Configuration of (r)epstopdf for TeX Liv
e
)))
(/usr/local/texlive/2011/texmf-dist/tex/latex/subfigure/subfigure.sty
Package: subfigure 2002/03/15 v2.1.5 subfigure package
\subfigtopskip=\skip58
\subfigcapskip=\skip59
\subfigcaptopadj=\dimen125
\subfigbottomskip=\skip60
\subfigcapmargin=\dimen126
\subfiglabelskip=\skip61
\c@subfigure=\count104
\c@lofdepth=\count105
\c@subtable=\count106
\c@lotdepth=\count107

****************************************
* Local config file subfigure.cfg used *
****************************************
(/usr/local/texlive/2011/texmf-dist/tex/latex/subfigure/subfigure.cfg)
\subfig@top=\skip62
\subfig@bottom=\skip63
)
(/usr/local/texlive/2011/texmf-dist/tex/latex/booktabs/booktabs.sty
Package: booktabs 2005/04/14 v1.61803 publication quality tables
\heavyrulewidth=\dimen127
\lightrulewidth=\dimen128
\cmidrulewidth=\dimen129
\belowrulesep=\dimen130
\belowbottomsep=\dimen131
\aboverulesep=\dimen132
\abovetopsep=\dimen133
\cmidrulesep=\dimen134
\cmidrulekern=\dimen135
\defaultaddspace=\dimen136
\@cmidla=\count108
\@cmidlb=\count109
\@aboverulesep=\dimen137
\@belowrulesep=\dimen138
\@thisruleclass=\count110
\@lastruleclass=\count111
\@thisrulewidth=\dimen139
)
(/usr/local/texlive/2011/texmf-dist/tex/latex/rotating/rotating.sty
Package: rotating 2009/03/28 v2.16a rotated objects in LaTeX

(/usr/local/texlive/2011/texmf-dist/tex/latex/base/ifthen.sty
Package: ifthen 2001/05/26 v1.1c Standard LaTeX ifthen package (DPC)
)
\c@r@tfl@t=\count112
\rotFPtop=\skip64
\rotFPbot=\skip65
\rot@float@box=\box28
\rot@mess@toks=\toks27
)
(/usr/local/texlive/2011/texmf-dist/tex/latex/listings/listings.sty
\lst@mode=\count113
\lst@gtempboxa=\box29
\lst@token=\toks28
\lst@length=\count114
\lst@currlwidth=\dimen140
\lst@column=\count115
\lst@pos=\count116
\lst@lostspace=\dimen141
\lst@width=\dimen142
\lst@newlines=\count117
\lst@lineno=\count118
\lst@maxwidth=\dimen143

(./lstpatch.sty

***
*** This is a patch for listings 1.3, but you're using
*** version 1.4.
***
*** Patch file not loaded.
***

) (/usr/local/texlive/2011/texmf-dist/tex/latex/listings/lstmisc.sty
File: lstmisc.sty 2007/02/22 1.4 (Carsten Heinz)
\c@lstnumber=\count119
\lst@skipnumbers=\count120
\lst@framebox=\box30
)
(/usr/local/texlive/2011/texmf-dist/tex/latex/listings/listings.cfg
File: listings.cfg 2007/02/22 1.4 listings configuration
))
Package: listings 2007/02/22 1.4 (Carsten Heinz)

(./lstpatch.sty

***
*** This is a patch for listings 1.3, but you're using
*** version 1.4.
***
 *** Patch file not loaded.
***

) (/usr/local/texlive/2011/texmf-dist/tex/latex/hyperref/hyperref.sty
Package: hyperref 2011/04/17 v6.82g Hypertext links for LaTeX

(/usr/local/texlive/2011/texmf-dist/tex/generic/oberdiek/hobsub-hyperref.sty
Package: hobsub-hyperref 2011/04/23 v1.4 Bundle oberdiek, subset hyperref (HO)

(/usr/local/texlive/2011/texmf-dist/tex/generic/oberdiek/hobsub-generic.sty
Package: hobsub-generic 2011/04/23 v1.4 Bundle oberdiek, subset generic (HO)
Package: hobsub 2011/04/23 v1.4 Subsetting bundle oberdiek (HO)
Package hobsub Info: Skipping package `infwarerr' (already loaded).
Package hobsub Info: Skipping package `ltxcmds' (already loaded).
Package hobsub Info: Skipping package `ifluatex' (already loaded).
Package: ifvtex 2010/03/01 v1.5 Switches for detecting VTeX and its modes (HO)
Package ifvtex Info: VTeX not detected.
Package: intcalc 2007/09/27 v1.1 Expandable integer calculations (HO)
Package hobsub Info: Skipping package `ifpdf' (already loaded).
Package hobsub Info: Skipping package `etexcmds' (already loaded).
Package hobsub Info: Skipping package `kvsetkeys' (already loaded).
Package hobsub Info: Skipping package `kvdefinekeys' (already loaded).
Package hobsub Info: Skipping package `pdftexcmds' (already loaded).
Package: pdfescape 2011/04/04 v1.12 Provides string conversions (HO)
Package: bigintcalc 2011/01/30 v1.2 Expandable big integer calculations (HO)
Package: bitset 2011/01/30 v1.1 Data type bit set (HO)
Package: uniquecounter 2011/01/30 v1.2 Provides unlimited unique counter (HO)
)
Package hobsub Info: Skipping package `hobsub' (already loaded).
Package: letltxmacro 2010/09/02 v1.4 Let assignment for LaTeX macros (HO)
Package: hopatch 2011/01/30 v1.0 Wrapper for package hooks (HO)
Package: xcolor-patch 2011/01/30 xcolor patch
Package: atveryend 2011/04/23 v1.7 Hooks at very end of document (HO)
Package atveryend Info: \enddocument detected (standard).
Package: atbegshi 2011/01/30 v1.15 At begin shipout hook (HO)
Package: refcount 2010/12/01 v3.2 Data extraction from references (HO)
Package: hycolor 2011/01/30 v1.7 Color options of hyperref/bookmark (HO)
)
(/usr/local/texlive/2011/texmf-dist/tex/generic/ifxetex/ifxetex.sty
Package: ifxetex 2010/09/12 v0.6 Provides ifxetex conditional
)
\@linkdim=\dimen144
\Hy@linkcounter=\count121
\Hy@pagecounter=\count122

(/usr/local/texlive/2011/texmf-dist/tex/latex/hyperref/pd1enc.def
File: pd1enc.def 2011/04/17 v6.82g Hyperref: PDFDocEncoding definition (HO)
)
\Hy@SavedSpaceFactor=\count123

(/usr/local/texlive/2011/texmf-dist/tex/latex/latexconfig/hyperref.cfg
File: hyperref.cfg 2002/06/06 v1.2 hyperref configuration of TeXLive
)
Package hyperref Info: Option `bookmarks' set `true' on input line 3905.
Package hyperref Info: Option `bookmarksopen' set `true' on input line 3905.
Package hyperref Info: Option `bookmarksnumbered' set `true' on input line 3905
.
Package hyperref Info: Option `hypertexnames' set `false' on input line 3905.
Package hyperref Info: Option `colorlinks' set `true' on input line 3905.
Package hyperref Info: Option `unicode' set `true' on input line 3905.

(/usr/local/texlive/2011/texmf-dist/tex/latex/hyperref/puenc.def
File: puenc.def 2011/04/17 v6.82g Hyperref: PDF Unicode definition (HO)
)
Package hyperref Info: Option `breaklinks' set `true' on input line 3905.
Package hyperref Info: Hyper figures OFF on input line 4026.
Package hyperref Info: Link nesting OFF on input line 4031.
Package hyperref Info: Hyper index ON on input line 4034.
Package hyperref Info: Plain pages OFF on input line 4041.
Package hyperref Info: Backreferencing OFF on input line 4046.
Package hyperref Info: Implicit mode ON; LaTeX internals redefined.
Package hyperref Info: Bookmarks ON on input line 4264.
\c@Hy@tempcnt=\count124

(/usr/local/texlive/2011/texmf-dist/tex/latex/url/url.sty
\Urlmuskip=\muskip11
Package: url 2006/04/12  ver 3.3  Verb mode for urls, etc.
)
LaTeX Info: Redefining \url on input line 4617.
\Fld@menulength=\count125
\Field@Width=\dimen145
\Fld@charsize=\dimen146
Package hyperref Info: Hyper figures OFF on input line 5701.
Package hyperref Info: Link nesting OFF on input line 5706.
Package hyperref Info: Hyper index ON on input line 5709.
Package hyperref Info: backreferencing OFF on input line 5716.
Package hyperref Info: Link coloring ON on input line 5719.
Package hyperref Info: Link coloring with OCG OFF on input line 5726.
Package hyperref Info: PDF/A mode OFF on input line 5731.
LaTeX Info: Redefining \ref on input line 5771.
LaTeX Info: Redefining \pageref on input line 5775.
\Hy@abspage=\count126
\c@Item=\count127
\c@Hfootnote=\count128
)

Package hyperref Message: Driver (autodetected): hpdftex.

(/usr/local/texlive/2011/texmf-dist/tex/latex/hyperref/hpdftex.def
File: hpdftex.def 2011/04/17 v6.82g Hyperref driver for pdfTeX
\Fld@listcount=\count129
\c@bookmark@seq@number=\count130

(/usr/local/texlive/2011/texmf-dist/tex/latex/oberdiek/rerunfilecheck.sty
Package: rerunfilecheck 2011/04/15 v1.7 Rerun checks for auxiliary files (HO)
Package uniquecounter Info: New unique counter `rerunfilecheck' on input line 2
82.
)
\Hy@SectionHShift=\skip66
)
\c@dummy=\count131

(/usr/local/texlive/2011/texmf-dist/tex/latex/tools/longtable.sty
Package: longtable 2004/02/01 v4.11 Multi-page Table package (DPC)
\LTleft=\skip67
\LTright=\skip68
\LTpre=\skip69
\LTpost=\skip70
\LTchunksize=\count132
\LTcapwidth=\dimen147
\LT@head=\box31
\LT@firsthead=\box32
\LT@foot=\box33
\LT@lastfoot=\box34
\LT@cols=\count133
\LT@rows=\count134
\c@LT@tables=\count135
\c@LT@chunks=\count136
\LT@p@ftn=\toks29
))
(/usr/local/texlive/2011/texmf-dist/tex/latex/float/float.sty
Package: float 2001/11/08 v1.3d Float enhancements (AL)
\c@float@type=\count137
\float@exts=\toks30
\float@box=\box35
\@float@everytoks=\toks31
\@floatcapt=\box36
)
(/usr/local/texlive/2011/texmf-dist/tex/latex/cite/cite.sty
LaTeX Info: Redefining \cite on input line 302.
LaTeX Info: Redefining \nocite on input line 373.
Package: cite 2010/09/10  v 5.3
)
(/usr/local/texlive/2011/texmf-dist/tex/latex/natbib/natbib.sty
Package: natbib 2010/09/13 8.31b (PWD, AO)


Package natbib Warning: The `cite' package should not be used
(natbib)                with natbib. Use option `sort' instead.

\bibhang=\skip71
\bibsep=\skip72
LaTeX Info: Redefining \cite on input line 694.
LaTeX Info: Redefining \citenum on input line 708.
\c@NAT@ctr=\count138
) (/usr/local/texlive/2011/texmf-dist/tex/latex/graphics/color.sty
Package: color 2005/11/14 v1.0j Standard LaTeX Color (DPC)

(/usr/local/texlive/2011/texmf-dist/tex/latex/latexconfig/color.cfg
File: color.cfg 2007/01/18 v1.5 color configuration of teTeX/TeXLive
)
Package color Info: Driver file: pdftex.def on input line 130.
)
(/usr/local/texlive/2011/texmf-dist/tex/latex/listings/lstlang1.sty
File: lstlang1.sty 2004/09/05 1.3 listings language file
)
Package hyperref Info: Option `colorlinks' set `true' on input line 56.

(./main.aux

LaTeX Warning: Label `Chapter1' multiply defined.


LaTeX Warning: Label `eq:a' multiply defined.


LaTeX Warning: Label `fig:example' multiply defined.


LaTeX Warning: Label `fig:example' multiply defined.


LaTeX Warning: Label `eq:cm' multiply defined.


LaTeX Warning: Label `eq:ce' multiply defined.


LaTeX Warning: Label `fig:example' multiply defined.


LaTeX Warning: Label `fig:data' multiply defined.


LaTeX Warning: Label `model' multiply defined.

)
\openout1 = `main.aux'.

LaTeX Font Info:    Checking defaults for OML/cmm/m/it on input line 59.
LaTeX Font Info:    ... okay on input line 59.
LaTeX Font Info:    Checking defaults for T1/cmr/m/n on input line 59.
LaTeX Font Info:    ... okay on input line 59.
LaTeX Font Info:    Checking defaults for OT1/cmr/m/n on input line 59.
LaTeX Font Info:    ... okay on input line 59.
LaTeX Font Info:    Checking defaults for OMS/cmsy/m/n on input line 59.
LaTeX Font Info:    ... okay on input line 59.
LaTeX Font Info:    Checking defaults for OMX/cmex/m/n on input line 59.
LaTeX Font Info:    ... okay on input line 59.
LaTeX Font Info:    Checking defaults for U/cmr/m/n on input line 59.
LaTeX Font Info:    ... okay on input line 59.
LaTeX Font Info:    Checking defaults for PD1/pdf/m/n on input line 59.
LaTeX Font Info:    ... okay on input line 59.
LaTeX Font Info:    Checking defaults for PU/pdf/m/n on input line 59.
LaTeX Font Info:    ... okay on input line 59.
Package caption Info: Begin \AtBeginDocument code.
Package caption Info: float package is loaded.
Package caption Info: hyperref package is loaded.
Package caption Info: listings package is loaded.
Package caption Info: longtable package is loaded.
 (/usr/local/texlive/2011/texmf-dist/tex/latex/caption/ltcaption.sty
Package: ltcaption 2008/03/28 v1.2 longtable captions (AR)
)
Package caption Info: rotating package is loaded.
Package caption Info: subfigure package is loaded.
Package caption Info: End \AtBeginDocument code.

(/usr/local/texlive/2011/texmf-dist/tex/context/base/supp-pdf.mkii
[Loading MPS to PDF converter (version 2006.09.02).]
\scratchcounter=\count139
\scratchdimen=\dimen148
\scratchbox=\box37
\nofMPsegments=\count140
\nofMParguments=\count141
\everyMPshowfont=\toks32
\MPscratchCnt=\count142
\MPscratchDim=\dimen149
\MPnumerator=\count143
\makeMPintoPDFobject=\count144
\everyMPtoPDFconversion=\toks33
)
\c@lstlisting=\count145
\AtBeginShipoutBox=\box38
Package hyperref Info: Link coloring ON on input line 59.
 (/usr/local/texlive/2011/texmf-dist/tex/latex/hyperref/nameref.sty
Package: nameref 2010/04/30 v2.40 Cross-referencing by name of section

(/usr/local/texlive/2011/texmf-dist/tex/generic/oberdiek/gettitlestring.sty
Package: gettitlestring 2010/12/03 v1.4 Cleanup title references (HO)
)
\c@section@level=\count146
)
LaTeX Info: Redefining \ref on input line 59.
LaTeX Info: Redefining \pageref on input line 59.
LaTeX Info: Redefining \nameref on input line 59.

(./main.out) (./main.out)
\@outlinefile=\write3
\openout3 = `main.out'.

 [1{/usr/local/texlive/2011/texmf-var/fonts/map/pdftex/updmap/pdftex.map}

]
LaTeX Font Info:    Try loading font information for U+msa on input line 99.

(/usr/local/texlive/2011/texmf-dist/tex/latex/amsfonts/umsa.fd
File: umsa.fd 2009/06/22 v3.00 AMS symbols A
)
LaTeX Font Info:    Try loading font information for U+msb on input line 99.

(/usr/local/texlive/2011/texmf-dist/tex/latex/amsfonts/umsb.fd
File: umsb.fd 2009/06/22 v3.00 AMS symbols B
) [1


] [1

]
------------------------------------------------------------------------------
 Acknowledgements
------------------------------------------------------------------------------
[2


]
------------------------------------------------------------------------------
 Table of Contents
------------------------------------------------------------------------------
(./main.toc
Missing character: There is no « in font cmr12!
 [3


])
\tf@toc=\write4
\openout4 = `main.toc'.

 [4]
------------------------------------------------------------------------------
 List of Figures
------------------------------------------------------------------------------
(./main.lof [5


])
\tf@lof=\write5
\openout5 = `main.lof'.

 [6]
------------------------------------------------------------------------------
 List of Tables
------------------------------------------------------------------------------
(./main.lot)
\tf@lot=\write6
\openout6 = `main.lot'.

 [7


] (./Chapters/Introduction.tex
Chapter 1.
------------------------------------------------------------------------------
 1 Introduction
------------------------------------------------------------------------------

Underfull \hbox (badness 10000) in paragraph at lines 9--12

 []


Underfull \hbox (badness 10000) in paragraph at lines 13--14

 []


Underfull \hbox (badness 10000) in paragraph at lines 15--18

 []

[1



]
Underfull \hbox (badness 10000) in paragraph at lines 19--20

 []

) (./Chapters/Chapter1.tex [2]
Chapter 2.
------------------------------------------------------------------------------
 2 Background
------------------------------------------------------------------------------
[3

] <./Pictures/porous.png, id=436, 528.97626pt x 271.0125pt>
File: ./Pictures/porous.png Graphic file (type png)

<use ./Pictures/porous.png>
Package pdftex.def Info: ./Pictures/porous.png used on input line 38.
(pdftex.def)             Requested size: 289.07999pt x 148.1062pt.
 [4]
Missing character: There is no « in font cmbx12!
Missing character: There is no « in font cmr12!
Missing character: There is no « in font cmr12!
Missing character: There is no « in font cmr12!

Underfull \hbox (badness 10000) in paragraph at lines 60--64

 []

[5 <./Pictures/porous.png>]
Missing character: There is no « in font cmr12!

Underfull \hbox (badness 10000) in paragraph at lines 90--90
[]\OT1/cmr/m/n/12 Uranium-238 pro-duces
 []


Underfull \hbox (badness 1009) in paragraph at lines 90--90
\OT1/cmr/m/n/12 99\OML/cmm/m/it/12 :\OT1/cmr/m/n/12 28%$ of the to-tal Ura-
 []


Underfull \hbox (badness 10000) in paragraph at lines 90--90
\OT1/cmr/m/n/12 pro-duce $0\OML/cmm/m/it/12 :\OT1/cmr/m/n/12 72%$ of the
 []


Underfull \hbox (badness 3668) in paragraph at lines 90--90
\OT1/cmr/m/n/12 to-tal en-ergy pro-duce by
 []


Underfull \hbox (badness 3690) in paragraph at lines 92--93
[]\OT1/cmr/m/n/12 Potassium gen-er-ate more
 []


Overfull \hbox (31.49532pt too wide) in paragraph at lines 87--97
 [] 
 []

[6] <./Pictures/cell.png, id=469, 551.05875pt x 336.25626pt>
File: ./Pictures/cell.png Graphic file (type png)

<use ./Pictures/cell.png>
Package pdftex.def Info: ./Pictures/cell.png used on input line 126.
(pdftex.def)             Requested size: 289.07999pt x 176.40378pt.
 [7]
<./Pictures/plates.jpg, id=484, 577.15625pt x 385.44pt>
File: ./Pictures/plates.jpg Graphic file (type jpg)

<use ./Pictures/plates.jpg>
Package pdftex.def Info: ./Pictures/plates.jpg used on input line 150.
(pdftex.def)             Requested size: 289.07999pt x 193.06064pt.


./Chapters/Chapter1.tex:156: LaTeX Error: There's no line here to end.

See the LaTeX manual or LaTeX Companion for explanation.
Type  H <return>  for immediate help.
 ...                                              
                                                  
l.156 A
        geothermal field is a geographical area with geothermal activity at ...

? 
[8 <./Pictures/cell.png>] <doublep.png, id=501, 482.80376pt x 443.6575pt>
File: doublep.png Graphic file (type png)

<use doublep.png>
Package pdftex.def Info: doublep.png used on input line 172.
(pdftex.def)             Requested size: 289.07999pt x 265.6482pt.

Underfull \hbox (badness 10000) in paragraph at lines 163--177

 []


Underfull \hbox (badness 10000) in paragraph at lines 163--177

 []


Underfull \hbox (badness 10000) in paragraph at lines 163--177

 []

[9 <./Pictures/plates.jpg>] [10 <./doublep.png>]
<tem.jpg, id=534, 321.2pt x 358.33875pt>
File: tem.jpg Graphic file (type jpg)
 <use tem.jpg>
Package pdftex.def Info: tem.jpg used on input line 198.
(pdftex.def)             Requested size: 144.54pt x 161.25641pt.

Underfull \hbox (badness 10000) in paragraph at lines 188--201

 []

[11]

./Chapters/Chapter1.tex:203: LaTeX Error: There's no line here to end.

See the LaTeX manual or LaTeX Companion for explanation.
Type  H <return>  for immediate help.
 ...                                              
                                                  
l.203 T
       he TM survey makes use of the natural fluctuation of the earth\«s mag...

? 
./Chapters/Chapter1.tex:203: Undefined control sequence.
l.203 ...of the natural fluctuation of the earth\«
                                                  s magnetic field. By the p...

? 
<tm.png, id=543, 644.4075pt x 322.20375pt>
File: tm.png Graphic file (type png)
 <use tm.png>
Package pdftex.def Info: tm.png used on input line 206.
(pdftex.def)             Requested size: 289.07999pt x 144.54294pt.
 [12 <./tem.jpg>]

./Chapters/Chapter1.tex:211: LaTeX Error: There's no line here to end.

See the LaTeX manual or LaTeX Companion for explanation.
Type  H <return>  for immediate help.
 ...                                              
                                                  
l.211 \textbf
             {\underline{Chemical methods}}\\
? 

./Chapters/Chapter1.tex:216: LaTeX Error: There's no line here to end.

See the LaTeX manual or LaTeX Companion for explanation.
Type  H <return>  for immediate help.
 ...                                              
                                                  
l.216 \textbf
             {\underline{Numerical simulation}}\\
? 

Underfull \hbox (badness 10000) in paragraph at lines 219--224

 []

[13 <./tm.png>]
Underfull \hbox (badness 10000) in paragraph at lines 226--230

 []


Underfull \hbox (badness 10000) in paragraph at lines 232--234

 []


Underfull \hbox (badness 10000) in paragraph at lines 245--248

 []


Underfull \hbox (badness 10000) in paragraph at lines 245--248

 []

[14] [15] <mesh.png, id=595, 466.74374pt x 393.47pt>
File: mesh.png Graphic file (type png)
 <use mesh.png>
Package pdftex.def Info: mesh.png used on input line 333.
(pdftex.def)             Requested size: 289.07999pt x 243.70871pt.

Underfull \hbox (badness 10000) in paragraph at lines 327--336

 []


Underfull \hbox (badness 10000) in paragraph at lines 327--336

 []

[16]
Underfull \hbox (badness 10000) in paragraph at lines 337--339

 []


Underfull \hbox (badness 10000) in paragraph at lines 337--339

 []


Underfull \hbox (badness 10000) in paragraph at lines 340--351

 []


Underfull \hbox (badness 10000) in paragraph at lines 340--351

 []

[17 <./mesh.png>] [18] <lard.png, id=654, 503.8825pt x 305.14pt>
File: lard.png Graphic file (type png)

<use lard.png>
Package pdftex.def Info: lard.png used on input line 366.
(pdftex.def)             Requested size: 289.07999pt x 175.05836pt.

Underfull \hbox (badness 10000) in paragraph at lines 370--373

 []

[19 <./lard.png>] <egs.png, id=673, 1073.00874pt x 697.60625pt>
File: egs.png Graphic file (type png)
 <use egs.png>
Package pdftex.def Info: egs.png used on input line 376.
(pdftex.def)             Requested size: 361.34999pt x 234.92633pt.

[20 <./egs.png>]
Underfull \hbox (badness 10000) in paragraph at lines 392--398

 []

[21] <chanel.png, id=698, 636.3775pt x 285.065pt>
File: chanel.png Graphic file (type png)
 <use chanel.png>
Package pdftex.def Info: chanel.png used on input line 405.
(pdftex.def)             Requested size: 289.07999pt x 129.49164pt.

./Chapters/Chapter1.tex:412: Undefined control sequence.
<argument> \patial 
                   C
l.412 ...\partial t}+u\frac{\patial C}{\partial x}
                                                  -D\frac{\partial^{2}C}{\pa...

? 
./Chapters/Chapter1.tex:416: Undefined control sequence.
<argument> 4M\pho 
                  
l.416 C(t) = \frac{4M\pho}{Q}
                              \frac{1}{2\sqrt{\pi Dt}}\exp\left(-\frac{x-4t}...

? 
[22 <./chanel.png>]) (./Chapters/Chapter2.tex [23]
Chapter 3.
------------------------------------------------------------------------------
 3 Thermal front velocity in geothermal systems
------------------------------------------------------------------------------

Underfull \hbox (badness 10000) in paragraph at lines 14--17

 []

[24

]
Underfull \hbox (badness 10000) in paragraph at lines 49--55

 []

[25] [26]
Underfull \hbox (badness 10000) in paragraph at lines 87--89

 []


Underfull \hbox (badness 10000) in paragraph at lines 91--93

 []


Underfull \hbox (badness 10000) in paragraph at lines 95--97

 []


Underfull \hbox (badness 10000) in paragraph at lines 99--101

 []

<./Pictures/cons.png, id=769, 371.3875pt x 127.47626pt>
File: ./Pictures/cons.png Graphic file (type png)

<use ./Pictures/cons.png>
Package pdftex.def Info: ./Pictures/cons.png used on input line 116.
(pdftex.def)             Requested size: 289.07999pt x 99.22682pt.
 [27] [28 <./Pictures/cons.png>]
<./Pictures/tf1.png, id=804, 327.2225pt x 199.74625pt>
File: ./Pictures/tf1.png Graphic file (type png)

<use ./Pictures/tf1.png>
Package pdftex.def Info: ./Pictures/tf1.png used on input line 570.
(pdftex.def)             Requested size: 289.07999pt x 176.46301pt.


./Chapters/Chapter2.tex:575: LaTeX Error: There's no line here to end.

See the LaTeX manual or LaTeX Companion for explanation.
Type  H <return>  for immediate help.
 ...                                              
                                                  
l.575 T
       wo cases can be considered. In the first case the rock and fluid prop...

? 
[29] <np.png, id=818, 506.89375pt x 257.96375pt>
File: np.png Graphic file (type png)
 <use np.png>
Package pdftex.def Info: np.png used on input line 588.
(pdftex.def)             Requested size: 289.07999pt x 147.11957pt.
 [30 <./Pictures/tf1.png> <./np.png>]
Underfull \hbox (badness 10000) in paragraph at lines 601--603

 []

<fu.png, id=834, 586.8324pt x 442.2924pt>
File: fu.png Graphic file (type png)
 <use fu.png>
Package pdftex.def Info: fu.png used on input line 620.
(pdftex.def)             Requested size: 289.07999pt x 217.87923pt.
 [31] [32 <./fu.png>]
Underfull \hbox (badness 10000) in paragraph at lines 649--653

 []

<G.png, id=856, 392.46625pt x 290.08376pt>
File: G.png Graphic file (type png)
 <use G.png>
Package pdftex.def Info: G.png used on input line 736.
(pdftex.def)             Requested size: 195.12877pt x 144.22707pt.

<F.png, id=857, 586.8324pt x 442.2924pt>
File: F.png Graphic file (type png)
 <use F.png>
Package pdftex.def Info: F.png used on input line 737.
(pdftex.def)             Requested size: 195.12877pt x 147.06375pt.
 [33]
<u0.png, id=869, 586.8324pt x 442.2924pt>
File: u0.png Graphic file (type png)
 <use u0.png>
Package pdftex.def Info: u0.png used on input line 753.
(pdftex.def)             Requested size: 289.07999pt x 217.87923pt.
 [34 <./G.png> <./F.png> <./u0.png>]
Overfull \hbox (5.42505pt too wide) in paragraph at lines 847--858
 [] 
 []

) (./Chapters/Chapter3.tex [35]
Chapter 4.
------------------------------------------------------------------------------
 4 Lumped parameters modelling in Munadarnes geothermal system 
------------------------------------------------------------------------------
<./Pictures/nordu.jpg, id=891, 1194.864pt x 845.559pt>
File: ./Pictures/nordu.jpg Graphic file (type jpg)

<use ./Pictures/nordu.jpg>
Package pdftex.def Info: ./Pictures/nordu.jpg used on input line 17.
(pdftex.def)             Requested size: 361.34999pt x 255.7082pt.
 [36

 <./Pictures/nordu.jpg>]
<./Pictures/bgeo.jpg, id=896, 459.7175pt x 785.93625pt>
File: ./Pictures/bgeo.jpg Graphic file (type jpg)

<use ./Pictures/bgeo.jpg>
Package pdftex.def Info: ./Pictures/bgeo.jpg used on input line 26.
(pdftex.def)             Requested size: 289.07999pt x 494.24303pt.
 [37]
Underfull \hbox (badness 10000) in paragraph at lines 31--34

 []

[38 <./Pictures/bgeo.jpg>]
Underfull \hbox (badness 10000) in paragraph at lines 37--42

 []

[39] <./Pictures/flowp.jpg, id=909, 416.55624pt x 496.85625pt>
File: ./Pictures/flowp.jpg Graphic file (type jpg)

<use ./Pictures/flowp.jpg>
Package pdftex.def Info: ./Pictures/flowp.jpg used on input line 46.
(pdftex.def)             Requested size: 361.34999pt x 431.02567pt.

Underfull \hbox (badness 10000) in paragraph at lines 50--53

 []

[40 <./Pictures/flowp.jpg>]
<./Pictures/lump1.png, id=917, 529.98pt x 234.8775pt>
File: ./Pictures/lump1.png Graphic file (type png)

<use ./Pictures/lump1.png>
Package pdftex.def Info: ./Pictures/lump1.png used on input line 63.
(pdftex.def)             Requested size: 433.62pt x 192.1743pt.

<./Pictures/lump0.png, id=918, 539.01375pt x 183.68625pt>
File: ./Pictures/lump0.png Graphic file (type png)

<use ./Pictures/lump0.png>
Package pdftex.def Info: ./Pictures/lump0.png used on input line 64.
(pdftex.def)             Requested size: 433.62pt x 147.77321pt.

Overfull \hbox (16.14693pt too wide) in paragraph at lines 63--65
 [][] 
 []


Overfull \hbox (16.14693pt too wide) in paragraph at lines 63--65
 [] 
 []


Underfull \hbox (badness 10000) in paragraph at lines 69--72

 []


Underfull \hbox (badness 10000) in paragraph at lines 69--72

 []


Underfull \hbox (badness 10000) in paragraph at lines 69--72

 []

[41] [42 <./Pictures/lump1.png> <./Pictures/lump0.png>]
Missing character: There is no Ð in font cmr12!
Missing character: There is no Ð in font cmr12!


Package hyperref Warning: Token not allowed in a PDF string (Unicode):
(hyperref)                removing `math shift' on input line 145.


Package hyperref Warning: Token not allowed in a PDF string (Unicode):
(hyperref)                removing `math shift' on input line 145.


Underfull \hbox (badness 10000) in paragraph at lines 146--147

 []

[43

] <tme.png, id=942, 517.935pt x 532.99126pt>
File: tme.png Graphic file (type png)
 <use tme.png>
Package pdftex.def Info: tme.png used on input line 151.
(pdftex.def)             Requested size: 289.07999pt x 297.49713pt.

Overfull \hbox (34.554pt too wide) in paragraph at lines 163--178
 [] 
 []

[44 <./tme.png>] <idata.png, id=949, 602.25pt x 465.74pt>
File: idata.png Graphic file (type png)
 <use idata.png>
Package pdftex.def Info: idata.png used on input line 186.
(pdftex.def)             Requested size: 289.07999pt x 223.55977pt.

<ndata.png, id=950, 602.25pt x 471.7625pt>
File: ndata.png Graphic file (type png)
 <use ndata.png>
Package pdftex.def Info: ndata.png used on input line 193.
(pdftex.def)             Requested size: 289.07999pt x 226.45062pt.
 [45 <./idata.png>]
<twoto.png, id=957, 594.22pt x 466.74374pt>
File: twoto.png Graphic file (type png)
 <use twoto.png>
Package pdftex.def Info: twoto.png used on input line 200.
(pdftex.def)             Requested size: 289.07999pt x 227.07552pt.
 [46 <./ndata.png> <./twoto.png>] <future.png, id=965, 586.8324pt x 442.2924pt>
File: future.png Graphic file (type png)
 <use future.png>
Package pdftex.def Info: future.png used on input line 315.
(pdftex.def)             Requested size: 289.07999pt x 217.87923pt.

[47] <r5.png, id=970, 586.8324pt x 442.2924pt>
File: r5.png Graphic file (type png)
 <use r5.png>
Package pdftex.def Info: r5.png used on input line 322.
(pdftex.def)             Requested size: 289.07999pt x 217.87923pt.

<r7.png, id=971, 586.8324pt x 442.2924pt>
File: r7.png Graphic file (type png)
 <use r7.png>
Package pdftex.def Info: r7.png used on input line 329.
(pdftex.def)             Requested size: 289.07999pt x 217.87923pt.
 [48 <./future.png> <./r5.png>] <10ls.png, id=978, 586.8324pt x 442.2924pt>
File: 10ls.png Graphic file (type png)
 <use 10ls.png>
Package pdftex.def Info: 10ls.png used on input line 336.
(pdftex.def)             Requested size: 289.07999pt x 217.87923pt.

Underfull \hbox (badness 10000) in paragraph at lines 342--344

 []


Underfull \hbox (badness 10000) in paragraph at lines 342--344

 []

[49 <./r7.png> <./10ls.png>]

./Chapters/Chapter3.tex:345: LaTeX Error: There's no line here to end.

See the LaTeX manual or LaTeX Companion for explanation.
Type  H <return>  for immediate help.
 ...                                              
                                                  
l.345 
      
? 
./Chapters/Chapter3.tex:349: Undefined control sequence.
l.349 ...}-\frac{q}{Q}(T_{0}-T_{i})\left (  1-\erf
                                                  \left(    \frac{kxh}{c_{w}...

? 
./Chapters/Chapter3.tex:349: Extra }, or forgotten \right.
l.349 ...rac{kxh}{c_{w}q\sqrt{\kappa(t-x/\beta)}}}
                                                         \right)        \right)

? 
<fc.png, id=990, 261.97874pt x 156.585pt>
File: fc.png Graphic file (type png)
 <use fc.png>
Package pdftex.def Info: fc.png used on input line 363.
(pdftex.def)             Requested size: 289.07999pt x 172.78877pt.
 [50 <./fc.png>]
<5ls500m.png, id=1001, 586.8324pt x 442.2924pt>
File: 5ls500m.png Graphic file (type png)
 <use 5ls500m.png>
Package pdftex.def Info: 5ls500m.png used on input line 373.
(pdftex.def)             Requested size: 289.07999pt x 217.87923pt.

<5ls1km.png, id=1002, 586.8324pt x 442.2924pt>
File: 5ls1km.png Graphic file (type png)
 <use 5ls1km.png>
Package pdftex.def Info: 5ls1km.png used on input line 380.
(pdftex.def)             Requested size: 289.07999pt x 217.87923pt.

<5ls2km.png, id=1003, 586.8324pt x 442.2924pt>
File: 5ls2km.png Graphic file (type png)
 <use 5ls2km.png>
Package pdftex.def Info: 5ls2km.png used on input line 387.
(pdftex.def)             Requested size: 289.07999pt x 217.87923pt.
 [51 <./5ls500m.png> <./5ls1km.png>] <7ls500m.png, id=1010, 586.8324pt x 442.29
24pt>
File: 7ls500m.png Graphic file (type png)

<use 7ls500m.png>
Package pdftex.def Info: 7ls500m.png used on input line 395.
(pdftex.def)             Requested size: 289.07999pt x 217.87923pt.
 <7ls1km.png, id=1011, 586.8324pt x 442.2924pt>
File: 7ls1km.png Graphic file (type png)

<use 7ls1km.png>
Package pdftex.def Info: 7ls1km.png used on input line 402.
(pdftex.def)             Requested size: 289.07999pt x 217.87923pt.
 [52 <./5ls2km.png> <./7ls500m.png>]
<7ls2km.png, id=1019, 586.8324pt x 442.2924pt>
File: 7ls2km.png Graphic file (type png)
 <use 7ls2km.png>
Package pdftex.def Info: 7ls2km.png used on input line 409.
(pdftex.def)             Requested size: 289.07999pt x 217.87923pt.
)
(./Chapters/Chapter4.tex [53 <./7ls1km.png> <./7ls2km.png>]
Chapter 5.
------------------------------------------------------------------------------
 5 Conclusion and future work
------------------------------------------------------------------------------

Underfull \hbox (badness 10000) in paragraph at lines 13--15

 []


Underfull \hbox (badness 10000) in paragraph at lines 16--20

 []


Underfull \hbox (badness 10000) in paragraph at lines 16--20

 []

[54

]) [55]
------------------------------------------------------------------------------
 Bibliography
------------------------------------------------------------------------------
(./main.bbl [56


] [57] [58] [59] [60]
Underfull \hbox (badness 1210) in paragraph at lines 363--366
[]\OT1/cmr/m/n/12 US De-part-ment of en-ergy  En-ergy Ef-fi-ciency and Re-new-a
ble En-ergy
 []

)
Package atveryend Info: Empty hook `BeforeClearDocument' on input line 325.
 [61]
Package atveryend Info: Empty hook `AfterLastShipout' on input line 325.
 (./main.aux)
Package atveryend Info: Executing hook `AtVeryEndDocument' on input line 325.
Package atveryend Info: Executing hook `AtEndAfterFileList' on input line 325.
Package rerunfilecheck Info: File `main.out' has not changed.
(rerunfilecheck)             Checksum: 5452B49BA9E0B1AF68D902DF6603F32C;9463.


LaTeX Warning: There were multiply-defined labels.

Package atveryend Info: Empty hook `AtVeryVeryEnd' on input line 325.
 )
(\end occurred inside a group at level 1)

### simple group (level 1) entered at line 204 ({)
### bottom level 
Here is how much of TeX's memory you used:
 11416 strings out of 493633
 161048 string characters out of 3143377
 280763 words of memory out of 3000000
 14194 multiletter control sequences out of 15000+200000
 17801 words of font info for 67 fonts, out of 3000000 for 9000
 831 hyphenation exceptions out of 8191
 49i,12n,45p,1794b,2302s stack positions out of 5000i,500n,10000p,200000b,50000s
</usr/local/texlive/2011/texmf-dist/fonts/type1/public/amsfonts
/cm/cmbx12.pfb></usr/local/texlive/2011/texmf-dist/fonts/type1/public/amsfonts/
cm/cmcsc10.pfb></usr/local/texlive/2011/texmf-dist/fonts/type1/public/amsfonts/
cm/cmex10.pfb></usr/local/texlive/2011/texmf-dist/fonts/type1/public/amsfonts/c
m/cmmi10.pfb></usr/local/texlive/2011/texmf-dist/fonts/type1/public/amsfonts/cm
/cmmi12.pfb></usr/local/texlive/2011/texmf-dist/fonts/type1/public/amsfonts/cm/
cmmi6.pfb></usr/local/texlive/2011/texmf-dist/fonts/type1/public/amsfonts/cm/cm
mi8.pfb></usr/local/texlive/2011/texmf-dist/fonts/type1/public/amsfonts/cm/cmr1
0.pfb></usr/local/texlive/2011/texmf-dist/fonts/type1/public/amsfonts/cm/cmr12.
pfb></usr/local/texlive/2011/texmf-dist/fonts/type1/public/amsfonts/cm/cmr6.pfb
></usr/local/texlive/2011/texmf-dist/fonts/type1/public/amsfonts/cm/cmr8.pfb></
usr/local/texlive/2011/texmf-dist/fonts/type1/public/amsfonts/cm/cmsy10.pfb></u
sr/local/texlive/2011/texmf-dist/fonts/type1/public/amsfonts/cm/cmsy8.pfb></usr
/local/texlive/2011/texmf-dist/fonts/type1/public/amsfonts/cm/cmti12.pfb>
Output written on main.pdf (70 pages, 3362495 bytes).
PDF statistics:
 1192 PDF objects out of 1200 (max. 8388607)
 1029 compressed objects within 11 object streams
 294 named destinations out of 1000 (max. 500000)
 506 words of extra memory for PDF output out of 10000 (max. 10000000)

